<?xml version="1.0" encoding="UTF-8"?>
<!-- Generated by org.testng.reporters.JUnitReportReporter -->
<testsuite skipped="0" hostname="DESKTOP-B2220QC" name="testClasses.TestClass1" tests="6" failures="0" timestamp="2021-11-23T07:59:40 IST" time="0.049" errors="0">
  <testcase name="testD" time="0.008" classname="testClasses.TestClass1"/>
  <system-out/>
  <testcase name="testC" time="0.014" classname="testClasses.TestClass1"/>
  <system-out/>
  <testcase name="testD" time="0.005" classname="testClasses.TestClass1"/>
  <system-out/>
  <testcase name="testC" time="0.008" classname="testClasses.TestClass1"/>
  <system-out/>
  <testcase name="testB" time="0.004" classname="testClasses.TestClass1"/>
  <system-out/>
  <testcase name="testB" time="0.010" classname="testClasses.TestClass1"/>
  <system-out/>
</testsuite> <!-- testClasses.TestClass1 -->
