<?xml version="1.0" encoding="UTF-8"?>
<!-- Generated by org.testng.reporters.JUnitReportReporter -->
<testsuite skipped="0" hostname="DESKTOP-B2220QC" name="testClasses.ToVerifyActitime" tests="6" failures="0" timestamp="2021-11-12T08:49:53 IST" time="0.041" errors="0">
  <testcase name="testD" time="0.019" classname="testClasses.ToVerifyActitime"/>
  <system-out/>
  <testcase name="testA" time="0.004" classname="testClasses.ToVerifyActitime"/>
  <system-out/>
  <testcase name="testA" time="0.004" classname="testClasses.ToVerifyActitime"/>
  <system-out/>
  <testcase name="testA" time="0.004" classname="testClasses.ToVerifyActitime"/>
  <system-out/>
  <testcase name="testC" time="0.004" classname="testClasses.ToVerifyActitime"/>
  <system-out/>
  <testcase name="testB" time="0.006" classname="testClasses.ToVerifyActitime"/>
  <system-out/>
</testsuite> <!-- testClasses.ToVerifyActitime -->
