<?xml version="1.0" encoding="UTF-8"?>
<!-- Generated by org.testng.reporters.JUnitReportReporter -->
<testsuite skipped="0" hostname="DESKTOP-B2220QC" name="testClasses.TestClass2" tests="4" failures="0" timestamp="2021-11-25T07:37:25 IST" time="0.248" errors="0">
  <testcase name="testB" time="0.020" classname="testClasses.TestClass2"/>
  <system-out/>
  <testcase name="testA" time="0.097" classname="testClasses.TestClass2"/>
  <system-out/>
  <testcase name="testD" time="0.013" classname="testClasses.TestClass2"/>
  <system-out/>
  <testcase name="testC" time="0.118" classname="testClasses.TestClass2"/>
  <system-out/>
</testsuite> <!-- testClasses.TestClass2 -->
